<?xml version="1.0" encoding="UTF-8"?>
<!-- Generated by org.testng.reporters.JUnitReportReporter -->
<testsuite hostname="DESKTOP-KHES326" failures="0" tests="1" name="whiteRose.AppTest" time="0.020" errors="0" timestamp="2021-10-21T21:13:42 EET" skipped="0">
  <testcase classname="whiteRose.AppTest" name="shouldAnswerWithTrue" time="0.020"/>
  <system-out/>
</testsuite> <!-- whiteRose.AppTest -->
